Build started 5/16/2016 5:17:29 PM.
     1>Project "D:\Shadow Mapping\Shadow_mapping\Shadow_mapping.vcxproj" on node 2 (Build target(s)).
     1>C:\Program Files (x86)\MSBuild\Microsoft.Cpp\v4.0\V120\Microsoft.CppBuild.targets(388,5): warning MSB8028: The intermediate directory (Debug\) contains files shared from another project (Base.vcxproj, Shadow_mapping.vcxproj).  This can lead to incorrect clean and rebuild behavior.
     1>ClCompile:
         C:\Program Files (x86)\Microsoft Visual Studio 12.0\VC\bin\CL.exe /c /I"D:\Shadow Mapping\Shadow_mapping\\include" /ZI /nologo /W3 /WX- /sdl /Od /Oy- /D _MBCS /Gm /EHsc /RTC1 /MDd /GS /fp:precise /Zc:wchar_t /Zc:forScope /Fo"Debug\\" /Fd"Debug\vc120.pdb" /Gd /TP /analyze- /errorReport:prompt main.cpp
         main.cpp
     1>d:\shadow mapping\shadow_mapping\main.cpp(206): warning C4244: 'argument' : conversion from 'double' to 'float', possible loss of data
     1>d:\shadow mapping\shadow_mapping\main.cpp(207): warning C4244: 'argument' : conversion from 'double' to 'float', possible loss of data
     1>d:\shadow mapping\shadow_mapping\main.cpp(208): warning C4244: 'argument' : conversion from 'double' to 'float', possible loss of data
     1>d:\shadow mapping\shadow_mapping\main.cpp(209): warning C4244: 'argument' : conversion from 'double' to 'float', possible loss of data
     1>d:\shadow mapping\shadow_mapping\main.cpp(249): warning C4244: '=' : conversion from 'double' to 'float', possible loss of data
     1>d:\shadow mapping\shadow_mapping\main.cpp(250): warning C4244: '=' : conversion from 'double' to 'float', possible loss of data
     1>d:\shadow mapping\shadow_mapping\main.cpp(251): warning C4244: '=' : conversion from 'double' to 'float', possible loss of data
     1>d:\shadow mapping\shadow_mapping\main.cpp(256): warning C4244: '=' : conversion from 'double' to 'float', possible loss of data
     1>d:\shadow mapping\shadow_mapping\main.cpp(257): warning C4244: '=' : conversion from 'double' to 'float', possible loss of data
     1>d:\shadow mapping\shadow_mapping\main.cpp(258): warning C4244: '=' : conversion from 'double' to 'float', possible loss of data
     1>d:\shadow mapping\shadow_mapping\main.cpp(262): warning C4244: '=' : conversion from 'double' to 'float', possible loss of data
     1>d:\shadow mapping\shadow_mapping\main.cpp(263): warning C4244: '=' : conversion from 'double' to 'float', possible loss of data
     1>d:\shadow mapping\shadow_mapping\main.cpp(264): warning C4244: '=' : conversion from 'double' to 'float', possible loss of data
     1>d:\shadow mapping\shadow_mapping\main.cpp(268): warning C4244: '=' : conversion from 'double' to 'float', possible loss of data
     1>d:\shadow mapping\shadow_mapping\main.cpp(269): warning C4244: '=' : conversion from 'double' to 'float', possible loss of data
     1>d:\shadow mapping\shadow_mapping\main.cpp(270): warning C4244: '=' : conversion from 'double' to 'float', possible loss of data
     1>d:\shadow mapping\shadow_mapping\main.cpp(309): warning C4244: 'argument' : conversion from 'float' to 'GLsizei', possible loss of data
       Link:
         C:\Program Files (x86)\Microsoft Visual Studio 12.0\VC\bin\link.exe /ERRORREPORT:PROMPT /OUT:"D:\Shadow Mapping\Debug\Shadow_mapping(soft_Shadow).exe" /INCREMENTAL /NOLOGO /LIBPATH:"D:\Shadow Mapping\Shadow_mapping\\lib" opengl32.lib glew32.lib glfw3.lib SOIL.lib kernel32.lib user32.lib gdi32.lib winspool.lib comdlg32.lib advapi32.lib shell32.lib ole32.lib oleaut32.lib uuid.lib odbc32.lib odbccp32.lib /MANIFEST /MANIFESTUAC:"level='asInvoker' uiAccess='false'" /manifest:embed /DEBUG /PDB:"D:\Shadow Mapping\Debug\Shadow_mapping(soft_Shadow).pdb" /TLBID:1 /DYNAMICBASE /NXCOMPAT /IMPLIB:"D:\Shadow Mapping\Debug\Shadow_mapping(soft_Shadow).lib" /MACHINE:X86 Debug\main.obj
     1>LINK : warning LNK4098: defaultlib 'MSVCRT' conflicts with use of other libs; use /NODEFAULTLIB:library
         Shadow_mapping.vcxproj -> D:\Shadow Mapping\Debug\Shadow_mapping(soft_Shadow).exe
     1>Done Building Project "D:\Shadow Mapping\Shadow_mapping\Shadow_mapping.vcxproj" (Build target(s)).

Build succeeded.

Time Elapsed 00:00:01.20
